0 verbose cli /opt/homebrew/Cellar/node/25.2.1/bin/node /opt/homebrew/lib/node_modules/npm/bin/npm-cli.js
1 info using npm@11.6.2
2 info using node@v25.2.1
3 silly config load:file:/opt/homebrew/lib/node_modules/npm/npmrc
4 silly config load:file:/Users/macbookapple/Desktop/code/test/test-skills/.npmrc
5 silly config load:file:/Users/macbookapple/.npmrc
6 silly config load:file:/opt/homebrew/etc/npmrc
7 verbose title npm exec pnpm exec tsc --noEmit
8 verbose argv "exec" "--" "pnpm" "exec" "tsc" "--noEmit"
9 verbose logfile logs-max:10 dir:/Users/macbookapple/Desktop/code/test/test-skills/.npm-cache/_logs/2026-03-03T05_04_55_984Z-
10 verbose logfile /Users/macbookapple/Desktop/code/test/test-skills/.npm-cache/_logs/2026-03-03T05_04_55_984Z-debug-0.log
11 silly logfile done cleaning log files
12 silly packumentCache heap:4496293888 maxSize:1124073472 maxEntrySize:562036736
13 http fetch GET 200 https://registry.npmjs.org/pnpm 965ms (cache revalidated)
14 silly packumentCache heap:4496293888 maxSize:1124073472 maxEntrySize:562036736
15 silly packumentCache heap:4496293888 maxSize:1124073472 maxEntrySize:562036736
16 verbose cwd /Users/macbookapple/Desktop/code/test/test-skills
17 verbose os Darwin 25.1.0
18 verbose node v25.2.1
19 verbose npm  v11.6.2
20 verbose exit 0
21 info ok
