0 verbose cli /opt/homebrew/Cellar/node/25.2.1/bin/node /opt/homebrew/lib/node_modules/npm/bin/npm-cli.js
0 verbose cli /opt/homebrew/Cellar/node/25.2.1/bin/node /opt/homebrew/lib/node_modules/npm/bin/npm-cli.js
1 info using npm@11.6.2
1 info using npm@11.6.2
2 info using node@v25.2.1
2 info using node@v25.2.1
3 silly config load:file:/opt/homebrew/lib/node_modules/npm/npmrc
3 silly config load:file:/opt/homebrew/lib/node_modules/npm/npmrc
4 silly config load:file:/Users/macbookapple/Desktop/code/test/test-skills/.npmrc
4 silly config load:file:/Users/macbookapple/Desktop/code/test/test-skills/.npmrc
5 silly config load:file:/Users/macbookapple/.npmrc
5 silly config load:file:/Users/macbookapple/.npmrc
6 silly config load:file:/opt/homebrew/etc/npmrc
6 silly config load:file:/opt/homebrew/etc/npmrc
7 verbose title npm exec pnpm exec tsc --noEmit
7 verbose title npm exec pnpm exec eslint app/admin/events/page.tsx components/admin/AuditLogExplorer.tsx
8 verbose argv "exec" "--" "pnpm" "exec" "tsc" "--noEmit"
8 verbose argv "exec" "--" "pnpm" "exec" "eslint" "app/admin/events/page.tsx" "components/admin/AuditLogExplorer.tsx"
9 verbose logfile logs-max:10 dir:/Users/macbookapple/Desktop/code/test/test-skills/.npm-cache/_logs/2026-03-04T14_15_07_541Z-
9 verbose logfile logs-max:10 dir:/Users/macbookapple/Desktop/code/test/test-skills/.npm-cache/_logs/2026-03-04T14_15_07_541Z-
10 verbose logfile /Users/macbookapple/Desktop/code/test/test-skills/.npm-cache/_logs/2026-03-04T14_15_07_541Z-debug-0.log
10 verbose logfile /Users/macbookapple/Desktop/code/test/test-skills/.npm-cache/_logs/2026-03-04T14_15_07_541Z-debug-0.log
11 silly logfile start cleaning logs, removing 1 files
11 silly logfile start cleaning logs, removing 1 files
12 silly logfile done cleaning log files
12 silly logfile done cleaning log files
13 silly packumentCache heap:4496293888 maxSize:1124073472 maxEntrySize:562036736
13 silly packumentCache heap:4496293888 maxSize:1124073472 maxEntrySize:562036736
14 http fetch GET 200 https://registry.npmjs.org/pnpm 887ms (cache revalidated)
14 http fetch GET 200 https://registry.npmjs.org/pnpm 888ms (cache revalidated)
15 silly packumentCache heap:4496293888 maxSize:1124073472 maxEntrySize:562036736
15 silly packumentCache heap:4496293888 maxSize:1124073472 maxEntrySize:562036736
16 silly packumentCache heap:4496293888 maxSize:1124073472 maxEntrySize:562036736
16 silly packumentCache heap:4496293888 maxSize:1124073472 maxEntrySize:562036736
17 verbose cwd /Users/macbookapple/Desktop/code/test/test-skills
18 verbose os Darwin 25.1.0
19 verbose node v25.2.1
20 verbose npm  v11.6.2
21 verbose exit 0
22 info ok
17 verbose cwd /Users/macbookapple/Desktop/code/test/test-skills
18 verbose os Darwin 25.1.0
19 verbose node v25.2.1
20 verbose npm  v11.6.2
21 verbose exit 0
22 info ok
