0 verbose cli /opt/homebrew/Cellar/node/25.2.1/bin/node /opt/homebrew/lib/node_modules/npm/bin/npm-cli.js
1 info using npm@11.6.2
2 info using node@v25.2.1
3 silly config load:file:/opt/homebrew/lib/node_modules/npm/npmrc
4 silly config load:file:/Users/macbookapple/Desktop/code/test/test-skills/.npmrc
5 silly config load:file:/Users/macbookapple/.npmrc
6 silly config load:file:/opt/homebrew/etc/npmrc
7 verbose title npm exec pnpm dev
8 verbose argv "exec" "--" "pnpm" "dev"
9 verbose logfile logs-max:10 dir:/Users/macbookapple/Desktop/code/test/test-skills/.npm-cache/_logs/2026-03-02T13_21_17_403Z-
10 verbose logfile /Users/macbookapple/Desktop/code/test/test-skills/.npm-cache/_logs/2026-03-02T13_21_17_403Z-debug-0.log
11 silly logfile done cleaning log files
12 silly packumentCache heap:4496293888 maxSize:1124073472 maxEntrySize:562036736
13 http fetch GET 200 https://registry.npmjs.org/npm 1678ms
14 http fetch GET 200 https://registry.npmjs.org/pnpm 1710ms (cache miss)
15 silly packumentCache heap:4496293888 maxSize:1124073472 maxEntrySize:562036736
16 silly packumentCache heap:4496293888 maxSize:1124073472 maxEntrySize:562036736
17 silly idealTree buildDeps
18 silly fetch manifest pnpm@10.30.3
19 silly packumentCache full:https://registry.npmjs.org/pnpm cache-miss
20 http fetch GET 200 https://registry.npmjs.org/pnpm 948ms (cache miss)
21 silly packumentCache full:https://registry.npmjs.org/pnpm set size:undefined disposed:false
22 silly placeDep ROOT pnpm@10.30.3 OK for:  want: 10.30.3
23 silly reify moves {}
24 silly audit bulk request { pnpm: [ '10.30.3' ] }
25 http cache pnpm@https://registry.npmjs.org/pnpm/-/pnpm-10.30.3.tgz 0ms (cache hit)
26 silly tarball no local data for pnpm@https://registry.npmjs.org/pnpm/-/pnpm-10.30.3.tgz. Extracting by manifest.
27 http fetch POST 200 https://registry.npmjs.org/-/npm/v1/security/advisories/bulk 243ms
28 silly audit report {}
29 http fetch GET 200 https://registry.npmjs.org/pnpm/-/pnpm-10.30.3.tgz 1118ms (cache miss)
30 verbose cwd /Users/macbookapple/Desktop/code/test/test-skills
31 verbose os Darwin 25.1.0
32 verbose node v25.2.1
33 verbose npm  v11.6.2
34 notice
34 notice New minor version of npm available! 11.6.2 -> 11.11.0
34 notice Changelog: https://github.com/npm/cli/releases/tag/v11.11.0
34 notice To update run: npm install -g npm@11.11.0
34 notice  { force: true, Symbol(proc-log.meta): true }
35 verbose exit 0
36 info ok
